<?xml version="1.0" encoding="UTF-8"?>
<!-- Generated by org.testng.reporters.JUnitReportReporter -->
<testsuite hostname="xdqa16ynk07vp" name="cars.testcases.Google" tests="1" failures="0" timestamp="22 Jul 2016 08:40:05 GMT" time="11.109" errors="0">
  <testcase name="searchInGoogle" time="11.109" classname="cars.testcases.Google"/>
</testsuite> <!-- cars.testcases.Google -->
